{"time":"2025-06-20T15:06:06.296231618+03:00","level":"INFO","source":{"function":"main.main","file":"/home/fzrdub/go/ProdLoaderREST/cmd/app/main.go","line":21},"msg":"App is starting"}
{"time":"2025-06-20T15:06:06.296400995+03:00","level":"ERROR","source":{"function":"main.main","file":"/home/fzrdub/go/ProdLoaderREST/cmd/app/main.go","line":25},"msg":"Failed to create storage","err":"failed to prepare statement:unable to open database file: no such file or directory"}
{"time":"2025-06-20T15:07:39.386665517+03:00","level":"INFO","source":{"function":"main.main","file":"/home/fzrdub/go/ProdLoaderREST/cmd/app/main.go","line":21},"msg":"App is starting"}
{"time":"2025-06-20T15:07:39.386794881+03:00","level":"ERROR","source":{"function":"main.main","file":"/home/fzrdub/go/ProdLoaderREST/cmd/app/main.go","line":25},"msg":"Failed to create storage","err":"failed to prepare statement:unable to open database file: no such file or directory"}
{"time":"2025-06-20T15:07:52.133880366+03:00","level":"INFO","source":{"function":"main.main","file":"/home/fzrdub/go/ProdLoaderREST/cmd/app/main.go","line":21},"msg":"App is starting"}
{"time":"2025-06-20T15:07:52.133929694+03:00","level":"DEBUG","source":{"function":"prodLoaderREST/internal/storage/sqlite.New","file":"/home/fzrdub/go/ProdLoaderREST/internal/storage/sqlite/sqlite.go","line":28},"msg":"Initializing SQLite storage","path":"./storage/sqlte/db.sqlite3"}
{"time":"2025-06-20T15:07:52.134042063+03:00","level":"ERROR","source":{"function":"main.main","file":"/home/fzrdub/go/ProdLoaderREST/cmd/app/main.go","line":25},"msg":"Failed to create storage","err":"failed to prepare statement:unable to open database file: no such file or directory"}
{"time":"2025-06-20T15:08:11.400850193+03:00","level":"INFO","source":{"function":"main.main","file":"/home/fzrdub/go/ProdLoaderREST/cmd/app/main.go","line":21},"msg":"App is starting"}
{"time":"2025-06-20T15:08:11.400902756+03:00","level":"DEBUG","source":{"function":"prodLoaderREST/internal/storage/sqlite.New","file":"/home/fzrdub/go/ProdLoaderREST/internal/storage/sqlite/sqlite.go","line":28},"msg":"Initializing SQLite storage","path":"./internal/storage/sqlte/db.sqlite3"}
{"time":"2025-06-20T15:08:11.400999087+03:00","level":"ERROR","source":{"function":"main.main","file":"/home/fzrdub/go/ProdLoaderREST/cmd/app/main.go","line":25},"msg":"Failed to create storage","err":"failed to prepare statement:unable to open database file: no such file or directory"}
{"time":"2025-06-20T15:09:21.952917231+03:00","level":"INFO","source":{"function":"main.main","file":"/home/fzrdub/go/ProdLoaderREST/cmd/app/main.go","line":21},"msg":"App is starting"}
{"time":"2025-06-20T15:09:21.95296429+03:00","level":"DEBUG","source":{"function":"prodLoaderREST/internal/storage/sqlite.New","file":"/home/fzrdub/go/ProdLoaderREST/internal/storage/sqlite/sqlite.go","line":28},"msg":"Initializing SQLite storage","path":"./internal/storage/sqlte/db.sqlite3"}
{"time":"2025-06-20T15:09:21.953060695+03:00","level":"ERROR","source":{"function":"main.main","file":"/home/fzrdub/go/ProdLoaderREST/cmd/app/main.go","line":25},"msg":"Failed to create storage","err":"failed to prepare statement:unable to open database file: no such file or directory"}
{"time":"2025-06-20T15:09:28.683657266+03:00","level":"INFO","source":{"function":"main.main","file":"/home/fzrdub/go/ProdLoaderREST/cmd/app/main.go","line":21},"msg":"App is starting"}
{"time":"2025-06-20T15:09:28.683709119+03:00","level":"DEBUG","source":{"function":"prodLoaderREST/internal/storage/sqlite.New","file":"/home/fzrdub/go/ProdLoaderREST/internal/storage/sqlite/sqlite.go","line":28},"msg":"Initializing SQLite storage","path":"./storage/db.sqlite3"}
{"time":"2025-06-20T15:09:28.683975961+03:00","level":"ERROR","source":{"function":"main.main","file":"/home/fzrdub/go/ProdLoaderREST/cmd/app/main.go","line":25},"msg":"Failed to create storage","err":"failed to prepare statement:near \"AUTOINCREMENT\": syntax error"}
{"time":"2025-06-20T15:09:59.839934575+03:00","level":"INFO","source":{"function":"main.main","file":"/home/fzrdub/go/ProdLoaderREST/cmd/app/main.go","line":21},"msg":"App is starting"}
{"time":"2025-06-20T15:09:59.83998593+03:00","level":"DEBUG","source":{"function":"prodLoaderREST/internal/storage/sqlite.New","file":"/home/fzrdub/go/ProdLoaderREST/internal/storage/sqlite/sqlite.go","line":28},"msg":"Initializing SQLite storage","path":"./storage/db.sqlite3"}
{"time":"2025-06-20T15:09:59.840226625+03:00","level":"ERROR","source":{"function":"main.main","file":"/home/fzrdub/go/ProdLoaderREST/cmd/app/main.go","line":25},"msg":"Failed to create storage","err":"failed to prepare statement:near \";\": syntax error"}
{"time":"2025-06-20T15:10:11.938671572+03:00","level":"INFO","source":{"function":"main.main","file":"/home/fzrdub/go/ProdLoaderREST/cmd/app/main.go","line":21},"msg":"App is starting"}
{"time":"2025-06-20T15:10:11.938716626+03:00","level":"DEBUG","source":{"function":"prodLoaderREST/internal/storage/sqlite.New","file":"/home/fzrdub/go/ProdLoaderREST/internal/storage/sqlite/sqlite.go","line":28},"msg":"Initializing SQLite storage","path":"./storage/db.sqlite3"}
{"time":"2025-06-20T15:10:11.938964524+03:00","level":"ERROR","source":{"function":"main.main","file":"/home/fzrdub/go/ProdLoaderREST/cmd/app/main.go","line":25},"msg":"Failed to create storage","err":"failed to prepare statement:near \";\": syntax error"}
{"time":"2025-06-20T15:10:59.884401672+03:00","level":"INFO","source":{"function":"main.main","file":"/home/fzrdub/go/ProdLoaderREST/cmd/app/main.go","line":21},"msg":"App is starting"}
{"time":"2025-06-20T15:10:59.884514707+03:00","level":"DEBUG","source":{"function":"prodLoaderREST/internal/storage/sqlite.New","file":"/home/fzrdub/go/ProdLoaderREST/internal/storage/sqlite/sqlite.go","line":28},"msg":"Initializing SQLite storage","path":"./storage/db.sqlite3"}
{"time":"2025-06-20T15:11:00.27358719+03:00","level":"INFO","source":{"function":"main.main","file":"/home/fzrdub/go/ProdLoaderREST/cmd/app/main.go","line":33},"msg":"Autharizated vk:","Name:":"Самир Фаталиев"}
{"time":"2025-06-20T15:11:34.786035265+03:00","level":"INFO","source":{"function":"main.main","file":"/home/fzrdub/go/ProdLoaderREST/cmd/app/main.go","line":21},"msg":"App is starting"}
{"time":"2025-06-20T15:11:34.786088466+03:00","level":"DEBUG","source":{"function":"prodLoaderREST/internal/storage/sqlite.New","file":"/home/fzrdub/go/ProdLoaderREST/internal/storage/sqlite/sqlite.go","line":28},"msg":"Initializing SQLite storage","path":"./storage/db.sqlite3"}
{"time":"2025-06-20T15:11:35.105784103+03:00","level":"INFO","source":{"function":"main.main","file":"/home/fzrdub/go/ProdLoaderREST/cmd/app/main.go","line":33},"msg":"Autharizated vk:","Name:":"Самир Фаталиев"}
{"time":"2025-06-20T15:13:14.437370635+03:00","level":"DEBUG","source":{"function":"prodLoaderREST/internal/api.(*API).Setup.New.func2","file":"/home/fzrdub/go/ProdLoaderREST/internal/api/handlers/product/add/add.go","line":52},"msg":"received product","requestID":"34e83963-61a2-477b-b2c3-4bf95d2b5675","product":{"title":"Example Product","description":"This is an example product description.","size":"M","status":"available","price":100,"mainPictureURL":"https://example.com/main-picture.jpg","picturesURL":["https://example.com/picture1.jpg","https://example.com/picture2.jpg"],"categoryID":1}}
{"time":"2025-06-20T15:13:15.233441653+03:00","level":"ERROR","source":{"function":"prodLoaderREST/internal/api.(*API).Setup.New.func2","file":"/home/fzrdub/go/ProdLoaderREST/internal/api/handlers/product/add/add.go","line":56},"msg":"failed to load main picture","requestID":"34e83963-61a2-477b-b2c3-4bf95d2b5675","err":"unexepeted status: 404 Not Found"}
{"time":"2025-06-20T15:13:23.043974431+03:00","level":"INFO","source":{"function":"main.main","file":"/home/fzrdub/go/ProdLoaderREST/cmd/app/main.go","line":21},"msg":"App is starting"}
{"time":"2025-06-20T15:13:23.044020979+03:00","level":"DEBUG","source":{"function":"prodLoaderREST/internal/storage/sqlite.New","file":"/home/fzrdub/go/ProdLoaderREST/internal/storage/sqlite/sqlite.go","line":28},"msg":"Initializing SQLite storage","path":"./storage/db.sqlite3"}
{"time":"2025-06-20T15:13:23.360527299+03:00","level":"INFO","source":{"function":"main.main","file":"/home/fzrdub/go/ProdLoaderREST/cmd/app/main.go","line":33},"msg":"Autharizated vk:","Name:":"Самир Фаталиев"}
{"time":"2025-06-20T15:13:49.458342287+03:00","level":"INFO","source":{"function":"main.main","file":"/home/fzrdub/go/ProdLoaderREST/cmd/app/main.go","line":21},"msg":"App is starting"}
{"time":"2025-06-20T15:13:49.458421601+03:00","level":"DEBUG","source":{"function":"prodLoaderREST/internal/storage/sqlite.New","file":"/home/fzrdub/go/ProdLoaderREST/internal/storage/sqlite/sqlite.go","line":28},"msg":"Initializing SQLite storage","path":"./storage/db.sqlite3"}
{"time":"2025-06-20T15:13:49.772507025+03:00","level":"INFO","source":{"function":"main.main","file":"/home/fzrdub/go/ProdLoaderREST/cmd/app/main.go","line":33},"msg":"Autharizated vk:","Name:":"Самир Фаталиев"}
{"time":"2025-06-20T15:14:39.598154111+03:00","level":"INFO","source":{"function":"main.main","file":"/home/fzrdub/go/ProdLoaderREST/cmd/app/main.go","line":21},"msg":"App is starting"}
{"time":"2025-06-20T15:14:39.598210996+03:00","level":"DEBUG","source":{"function":"prodLoaderREST/internal/storage/sqlite.New","file":"/home/fzrdub/go/ProdLoaderREST/internal/storage/sqlite/sqlite.go","line":28},"msg":"Initializing SQLite storage","path":"./storage/db.sqlite3"}
{"time":"2025-06-20T15:14:39.91571537+03:00","level":"INFO","source":{"function":"main.main","file":"/home/fzrdub/go/ProdLoaderREST/cmd/app/main.go","line":33},"msg":"Autharizated vk:","Name:":"Самир Фаталиев"}
{"time":"2025-06-20T15:15:01.775304723+03:00","level":"INFO","source":{"function":"main.main","file":"/home/fzrdub/go/ProdLoaderREST/cmd/app/main.go","line":22},"msg":"App is starting"}
{"time":"2025-06-20T15:15:01.775351413+03:00","level":"DEBUG","source":{"function":"prodLoaderREST/internal/storage/sqlite.New","file":"/home/fzrdub/go/ProdLoaderREST/internal/storage/sqlite/sqlite.go","line":28},"msg":"Initializing SQLite storage","path":"./storage/db.sqlite3"}
{"time":"2025-06-20T15:15:02.084054964+03:00","level":"INFO","source":{"function":"main.main","file":"/home/fzrdub/go/ProdLoaderREST/cmd/app/main.go","line":36},"msg":"Autharizated vk:","Name:":"Самир Фаталиев"}
{"time":"2025-06-20T15:15:05.622256534+03:00","level":"INFO","source":{"function":"main.main","file":"/home/fzrdub/go/ProdLoaderREST/cmd/app/main.go","line":22},"msg":"App is starting"}
{"time":"2025-06-20T15:15:05.622303384+03:00","level":"DEBUG","source":{"function":"prodLoaderREST/internal/storage/sqlite.New","file":"/home/fzrdub/go/ProdLoaderREST/internal/storage/sqlite/sqlite.go","line":28},"msg":"Initializing SQLite storage","path":"./storage/db.sqlite3"}
{"time":"2025-06-20T15:15:05.936614802+03:00","level":"INFO","source":{"function":"main.main","file":"/home/fzrdub/go/ProdLoaderREST/cmd/app/main.go","line":36},"msg":"Autharizated vk:","Name:":"Самир Фаталиев"}
{"time":"2025-06-20T15:15:15.684756258+03:00","level":"DEBUG","source":{"function":"prodLoaderREST/internal/api.(*API).Setup.New.func2","file":"/home/fzrdub/go/ProdLoaderREST/internal/api/handlers/product/add/add.go","line":52},"msg":"received product","requestID":"f935e706-95ed-4f93-92ce-4243ded67c4d","product":{"title":"Example Product","description":"This is an example product description.","size":"M","status":"available","price":100,"mainPictureURL":"https://example.com/main-picture.jpg","picturesURL":["https://example.com/picture1.jpg","https://example.com/picture2.jpg"],"categoryID":1}}
{"time":"2025-06-20T15:15:16.550605614+03:00","level":"ERROR","source":{"function":"prodLoaderREST/internal/api.(*API).Setup.New.func2","file":"/home/fzrdub/go/ProdLoaderREST/internal/api/handlers/product/add/add.go","line":56},"msg":"failed to load main picture","requestID":"f935e706-95ed-4f93-92ce-4243ded67c4d","err":"unexepeted status: 404 Not Found"}
{"time":"2025-06-20T15:16:01.456669511+03:00","level":"INFO","source":{"function":"main.main","file":"/home/fzrdub/go/ProdLoaderREST/cmd/app/main.go","line":22},"msg":"App is starting"}
{"time":"2025-06-20T15:16:01.456724013+03:00","level":"DEBUG","source":{"function":"prodLoaderREST/internal/storage/sqlite.New","file":"/home/fzrdub/go/ProdLoaderREST/internal/storage/sqlite/sqlite.go","line":28},"msg":"Initializing SQLite storage","path":"./storage/db.sqlite3"}
{"time":"2025-06-20T15:16:01.774146014+03:00","level":"INFO","source":{"function":"main.main","file":"/home/fzrdub/go/ProdLoaderREST/cmd/app/main.go","line":36},"msg":"Autharizated vk:","Name:":"Самир Фаталиев"}
{"time":"2025-06-20T15:16:02.819120224+03:00","level":"DEBUG","source":{"function":"prodLoaderREST/internal/api.(*API).Setup.New.func2","file":"/home/fzrdub/go/ProdLoaderREST/internal/api/handlers/product/add/add.go","line":52},"msg":"received product","requestID":"ed9c8cee-deea-452e-9420-0fff73dd2829","product":{"title":"Example Product","description":"This is an example product description.","size":"M","status":"available","price":100,"mainPictureURL":"https://example.com/main-picture.jpg","picturesURL":["https://example.com/picture1.jpg","https://example.com/picture2.jpg"],"categoryID":1}}
{"time":"2025-06-20T15:16:03.467733345+03:00","level":"ERROR","source":{"function":"prodLoaderREST/internal/api.(*API).Setup.New.func2","file":"/home/fzrdub/go/ProdLoaderREST/internal/api/handlers/product/add/add.go","line":56},"msg":"failed to load main picture","requestID":"ed9c8cee-deea-452e-9420-0fff73dd2829","err":"unexepeted status: 404 Not Found"}
{"time":"2025-06-20T15:16:19.830850903+03:00","level":"INFO","source":{"function":"main.main","file":"/home/fzrdub/go/ProdLoaderREST/cmd/app/main.go","line":22},"msg":"App is starting"}
{"time":"2025-06-20T15:16:19.830903959+03:00","level":"DEBUG","source":{"function":"prodLoaderREST/internal/storage/sqlite.New","file":"/home/fzrdub/go/ProdLoaderREST/internal/storage/sqlite/sqlite.go","line":28},"msg":"Initializing SQLite storage","path":"./storage/db.sqlite3"}
{"time":"2025-06-20T15:16:20.141814602+03:00","level":"INFO","source":{"function":"main.main","file":"/home/fzrdub/go/ProdLoaderREST/cmd/app/main.go","line":36},"msg":"Autharizated vk:","Name:":"Самир Фаталиев"}
{"time":"2025-06-20T15:16:24.207228927+03:00","level":"INFO","source":{"function":"main.main","file":"/home/fzrdub/go/ProdLoaderREST/cmd/app/main.go","line":22},"msg":"App is starting"}
{"time":"2025-06-20T15:16:24.207288227+03:00","level":"DEBUG","source":{"function":"prodLoaderREST/internal/storage/sqlite.New","file":"/home/fzrdub/go/ProdLoaderREST/internal/storage/sqlite/sqlite.go","line":28},"msg":"Initializing SQLite storage","path":"./storage/db.sqlite3"}
{"time":"2025-06-20T15:16:24.51964913+03:00","level":"INFO","source":{"function":"main.main","file":"/home/fzrdub/go/ProdLoaderREST/cmd/app/main.go","line":36},"msg":"Autharizated vk:","Name:":"Самир Фаталиев"}
{"time":"2025-06-20T15:16:30.332317475+03:00","level":"INFO","source":{"function":"main.main","file":"/home/fzrdub/go/ProdLoaderREST/cmd/app/main.go","line":22},"msg":"App is starting"}
{"time":"2025-06-20T15:16:30.332367809+03:00","level":"DEBUG","source":{"function":"prodLoaderREST/internal/storage/sqlite.New","file":"/home/fzrdub/go/ProdLoaderREST/internal/storage/sqlite/sqlite.go","line":28},"msg":"Initializing SQLite storage","path":"./storage/db.sqlite3"}
{"time":"2025-06-20T15:16:30.649941273+03:00","level":"INFO","source":{"function":"main.main","file":"/home/fzrdub/go/ProdLoaderREST/cmd/app/main.go","line":36},"msg":"Autharizated vk:","Name:":"Самир Фаталиев"}
{"time":"2025-06-20T15:16:41.92385762+03:00","level":"INFO","source":{"function":"main.main","file":"/home/fzrdub/go/ProdLoaderREST/cmd/app/main.go","line":22},"msg":"App is starting"}
{"time":"2025-06-20T15:16:41.923908781+03:00","level":"DEBUG","source":{"function":"prodLoaderREST/internal/storage/sqlite.New","file":"/home/fzrdub/go/ProdLoaderREST/internal/storage/sqlite/sqlite.go","line":28},"msg":"Initializing SQLite storage","path":"./storage/db.sqlite3"}
{"time":"2025-06-20T15:16:42.277783575+03:00","level":"INFO","source":{"function":"main.main","file":"/home/fzrdub/go/ProdLoaderREST/cmd/app/main.go","line":36},"msg":"Autharizated vk:","Name:":"Самир Фаталиев"}
{"time":"2025-06-20T15:17:54.044865913+03:00","level":"INFO","source":{"function":"main.main","file":"/home/fzrdub/go/ProdLoaderREST/cmd/app/main.go","line":22},"msg":"App is starting"}
{"time":"2025-06-20T15:17:54.04492329+03:00","level":"DEBUG","source":{"function":"prodLoaderREST/internal/storage/sqlite.New","file":"/home/fzrdub/go/ProdLoaderREST/internal/storage/sqlite/sqlite.go","line":28},"msg":"Initializing SQLite storage","path":"./storage/db.sqlite3"}
{"time":"2025-06-20T15:17:54.346466959+03:00","level":"INFO","source":{"function":"main.main","file":"/home/fzrdub/go/ProdLoaderREST/cmd/app/main.go","line":36},"msg":"Autharizated vk:","Name:":"Самир Фаталиев"}
{"time":"2025-06-20T15:17:54.34670881+03:00","level":"INFO","source":{"function":"main.main","file":"/home/fzrdub/go/ProdLoaderREST/cmd/app/main.go","line":48},"msg":"Server is running","host":"localhost","port":"8080"}
{"time":"2025-06-20T15:19:17.616280908+03:00","level":"INFO","source":{"function":"main.main","file":"/home/fzrdub/go/ProdLoaderREST/cmd/app/main.go","line":23},"msg":"App is starting"}
{"time":"2025-06-20T15:19:17.616332619+03:00","level":"DEBUG","source":{"function":"prodLoaderREST/internal/storage/sqlite.New","file":"/home/fzrdub/go/ProdLoaderREST/internal/storage/sqlite/sqlite.go","line":28},"msg":"Initializing SQLite storage","path":"./storage/db.sqlite3"}
{"time":"2025-06-20T15:19:17.937360492+03:00","level":"INFO","source":{"function":"main.main","file":"/home/fzrdub/go/ProdLoaderREST/cmd/app/main.go","line":37},"msg":"Autharizated vk:","Name:":"Самир Фаталиев"}
{"time":"2025-06-20T15:19:17.937584413+03:00","level":"INFO","source":{"function":"main.main","file":"/home/fzrdub/go/ProdLoaderREST/cmd/app/main.go","line":52},"msg":"Server is running","host":"localhost","port":"8080"}
{"time":"2025-06-20T15:32:53.138302141+03:00","level":"INFO","source":{"function":"main.main","file":"/home/fzrdub/go/ProdLoaderREST/cmd/app/main.go","line":27},"msg":"App is starting"}
{"time":"2025-06-20T15:32:53.138349358+03:00","level":"DEBUG","source":{"function":"prodLoaderREST/internal/storage/sqlite.New","file":"/home/fzrdub/go/ProdLoaderREST/internal/storage/sqlite/sqlite.go","line":28},"msg":"Initializing SQLite storage","path":"./storage/db.sqlite3"}
{"time":"2025-06-20T15:32:53.455659708+03:00","level":"INFO","source":{"function":"main.main","file":"/home/fzrdub/go/ProdLoaderREST/cmd/app/main.go","line":41},"msg":"Autharizated vk:","Name:":"Самир Фаталиев"}
{"time":"2025-06-20T15:32:53.455830797+03:00","level":"INFO","source":{"function":"main.main.func1","file":"/home/fzrdub/go/ProdLoaderREST/cmd/app/main.go","line":57},"msg":"HTTP server started","Addres":"localhost:8080"}
{"time":"2025-06-20T15:32:53.455823991+03:00","level":"INFO","source":{"function":"main.main.func2","file":"/home/fzrdub/go/ProdLoaderREST/cmd/app/main.go","line":62},"msg":"Started to ping databse"}
{"time":"2025-06-20T15:32:53.45602045+03:00","level":"ERROR","source":{"function":"main.main","file":"/home/fzrdub/go/ProdLoaderREST/cmd/app/main.go","line":77},"msg":"Shutting down. Critical error:","err":"listen tcp 127.0.0.1:8080: bind: address already in use"}
{"time":"2025-06-20T15:33:49.009418121+03:00","level":"INFO","source":{"function":"main.main","file":"/home/fzrdub/go/ProdLoaderREST/cmd/app/main.go","line":27},"msg":"App is starting"}
{"time":"2025-06-20T15:33:49.00946602+03:00","level":"DEBUG","source":{"function":"prodLoaderREST/internal/storage/sqlite.New","file":"/home/fzrdub/go/ProdLoaderREST/internal/storage/sqlite/sqlite.go","line":28},"msg":"Initializing SQLite storage","path":"./storage/db.sqlite3"}
{"time":"2025-06-20T15:33:49.31471598+03:00","level":"INFO","source":{"function":"main.main","file":"/home/fzrdub/go/ProdLoaderREST/cmd/app/main.go","line":41},"msg":"Autharizated vk:","Name:":"Самир Фаталиев"}
{"time":"2025-06-20T15:33:49.314934629+03:00","level":"INFO","source":{"function":"main.main.func2","file":"/home/fzrdub/go/ProdLoaderREST/cmd/app/main.go","line":62},"msg":"Started to ping databse"}
{"time":"2025-06-20T15:33:49.314965295+03:00","level":"INFO","source":{"function":"main.main.func1","file":"/home/fzrdub/go/ProdLoaderREST/cmd/app/main.go","line":57},"msg":"HTTP server started","Addres":"localhost:8080"}
{"time":"2025-06-20T15:33:49.315151672+03:00","level":"ERROR","source":{"function":"main.main","file":"/home/fzrdub/go/ProdLoaderREST/cmd/app/main.go","line":77},"msg":"Shutting down. Critical error:","err":"listen tcp 127.0.0.1:8080: bind: address already in use"}
{"time":"2025-06-20T15:35:40.420677272+03:00","level":"INFO","source":{"function":"main.main","file":"/home/fzrdub/go/ProdLoaderREST/cmd/app/main.go","line":27},"msg":"App is starting"}
{"time":"2025-06-20T15:35:40.420732549+03:00","level":"DEBUG","source":{"function":"prodLoaderREST/internal/storage/sqlite.New","file":"/home/fzrdub/go/ProdLoaderREST/internal/storage/sqlite/sqlite.go","line":28},"msg":"Initializing SQLite storage","path":"./storage/db.sqlite3"}
{"time":"2025-06-20T15:35:40.758094302+03:00","level":"INFO","source":{"function":"main.main","file":"/home/fzrdub/go/ProdLoaderREST/cmd/app/main.go","line":41},"msg":"Autharizated vk:","Name:":"Самир Фаталиев"}
{"time":"2025-06-20T15:35:40.758243035+03:00","level":"INFO","source":{"function":"main.main.func2","file":"/home/fzrdub/go/ProdLoaderREST/cmd/app/main.go","line":62},"msg":"Started to ping databse"}
{"time":"2025-06-20T15:35:40.758262659+03:00","level":"INFO","source":{"function":"main.main.func1","file":"/home/fzrdub/go/ProdLoaderREST/cmd/app/main.go","line":57},"msg":"HTTP server started","Addres":"localhost:8080"}
{"time":"2025-06-20T15:35:40.75839432+03:00","level":"ERROR","source":{"function":"main.main","file":"/home/fzrdub/go/ProdLoaderREST/cmd/app/main.go","line":77},"msg":"Shutting down. Critical error:","err":"listen tcp 127.0.0.1:8080: bind: address already in use"}
{"time":"2025-06-20T15:37:15.73455073+03:00","level":"INFO","source":{"function":"main.main","file":"/home/fzrdub/go/ProdLoaderREST/cmd/app/main.go","line":27},"msg":"App is starting"}
{"time":"2025-06-20T15:37:15.734714121+03:00","level":"DEBUG","source":{"function":"prodLoaderREST/internal/storage/sqlite.New","file":"/home/fzrdub/go/ProdLoaderREST/internal/storage/sqlite/sqlite.go","line":28},"msg":"Initializing SQLite storage","path":"./storage/db.sqlite3"}
{"time":"2025-06-20T15:37:16.056211771+03:00","level":"INFO","source":{"function":"main.main","file":"/home/fzrdub/go/ProdLoaderREST/cmd/app/main.go","line":41},"msg":"Autharizated vk:","Name:":"Самир Фаталиев"}
{"time":"2025-06-20T15:37:16.056376344+03:00","level":"INFO","source":{"function":"main.main.func2","file":"/home/fzrdub/go/ProdLoaderREST/cmd/app/main.go","line":62},"msg":"Started to ping databse"}
{"time":"2025-06-20T15:37:16.05639587+03:00","level":"INFO","source":{"function":"main.main.func1","file":"/home/fzrdub/go/ProdLoaderREST/cmd/app/main.go","line":57},"msg":"HTTP server started","Addres":"localhost:8080"}
{"time":"2025-06-20T15:37:21.059904962+03:00","level":"DEBUG","source":{"function":"prodLoaderREST/internal/storage/sqlite.(*Storage).Ping","file":"/home/fzrdub/go/ProdLoaderREST/internal/storage/sqlite/sqlite.go","line":97},"msg":"Ping to SQLite storage successful"}
{"time":"2025-06-20T15:37:25.681915647+03:00","level":"DEBUG","source":{"function":"prodLoaderREST/internal/api.(*API).Setup.New.func2","file":"/home/fzrdub/go/ProdLoaderREST/internal/api/handlers/product/add/add.go","line":52},"msg":"received product","requestID":"c98d04ba-61cc-4a0c-a998-addaeeb41412","product":{"title":"Example Product","description":"This is an example product description.","size":"M","status":"available","price":100,"mainPictureURL":"https://example.com/main-picture.jpg","picturesURL":["https://example.com/picture1.jpg","https://example.com/picture2.jpg"],"categoryID":1}}
{"time":"2025-06-20T15:37:26.060385427+03:00","level":"DEBUG","source":{"function":"prodLoaderREST/internal/storage/sqlite.(*Storage).Ping","file":"/home/fzrdub/go/ProdLoaderREST/internal/storage/sqlite/sqlite.go","line":97},"msg":"Ping to SQLite storage successful"}
{"time":"2025-06-20T15:37:26.532857484+03:00","level":"ERROR","source":{"function":"prodLoaderREST/internal/api.(*API).Setup.New.func2","file":"/home/fzrdub/go/ProdLoaderREST/internal/api/handlers/product/add/add.go","line":56},"msg":"failed to load main picture","requestID":"c98d04ba-61cc-4a0c-a998-addaeeb41412","err":"unexepeted status: 404 Not Found"}
{"time":"2025-06-20T15:37:30.184756906+03:00","level":"ERROR","source":{"function":"main.main","file":"/home/fzrdub/go/ProdLoaderREST/cmd/app/main.go","line":81},"msg":"received signal, starting graceful shutdown","signal":2}
{"time":"2025-06-20T15:37:30.184961174+03:00","level":"DEBUG","source":{"function":"prodLoaderREST/internal/storage/sqlite.(*Storage).Close","file":"/home/fzrdub/go/ProdLoaderREST/internal/storage/sqlite/sqlite.go","line":83},"msg":"SQLite storage closed"}
{"time":"2025-06-20T15:37:30.184975236+03:00","level":"INFO","source":{"function":"main.main","file":"/home/fzrdub/go/ProdLoaderREST/cmd/app/main.go","line":96},"msg":"shutdown completed"}
{"time":"2025-06-20T15:37:32.969395917+03:00","level":"INFO","source":{"function":"main.main","file":"/home/fzrdub/go/ProdLoaderREST/cmd/app/main.go","line":27},"msg":"App is starting"}
{"time":"2025-06-20T15:37:32.969440949+03:00","level":"DEBUG","source":{"function":"prodLoaderREST/internal/storage/sqlite.New","file":"/home/fzrdub/go/ProdLoaderREST/internal/storage/sqlite/sqlite.go","line":28},"msg":"Initializing SQLite storage","path":"./storage/db.sqlite3"}
{"time":"2025-06-20T15:37:33.271632102+03:00","level":"INFO","source":{"function":"main.main","file":"/home/fzrdub/go/ProdLoaderREST/cmd/app/main.go","line":41},"msg":"Autharizated vk:","Name:":"Самир Фаталиев"}
{"time":"2025-06-20T15:37:33.271770409+03:00","level":"INFO","source":{"function":"main.main.func2","file":"/home/fzrdub/go/ProdLoaderREST/cmd/app/main.go","line":62},"msg":"Started to ping databse"}
{"time":"2025-06-20T15:37:33.271795136+03:00","level":"INFO","source":{"function":"main.main.func1","file":"/home/fzrdub/go/ProdLoaderREST/cmd/app/main.go","line":57},"msg":"HTTP server started","Addres":"localhost:8080"}
{"time":"2025-06-20T15:37:38.275893682+03:00","level":"DEBUG","source":{"function":"prodLoaderREST/internal/storage/sqlite.(*Storage).Ping","file":"/home/fzrdub/go/ProdLoaderREST/internal/storage/sqlite/sqlite.go","line":97},"msg":"Ping to SQLite storage successful"}
{"time":"2025-06-20T15:37:38.587335536+03:00","level":"DEBUG","source":{"function":"prodLoaderREST/internal/api.(*API).Setup.New.func2","file":"/home/fzrdub/go/ProdLoaderREST/internal/api/handlers/product/add/add.go","line":52},"msg":"received product","requestID":"ff0b4499-970c-4bb5-8cd6-1e5a979c0fe4","product":{"title":"Example Product","description":"This is an example product description.","size":"M","status":"available","price":100,"mainPictureURL":"https://example.com/main-picture.jpg","picturesURL":["https://example.com/picture1.jpg","https://example.com/picture2.jpg"],"categoryID":1}}
{"time":"2025-06-20T15:37:39.178996591+03:00","level":"ERROR","source":{"function":"prodLoaderREST/internal/api.(*API).Setup.New.func2","file":"/home/fzrdub/go/ProdLoaderREST/internal/api/handlers/product/add/add.go","line":56},"msg":"failed to load main picture","requestID":"ff0b4499-970c-4bb5-8cd6-1e5a979c0fe4","err":"unexepeted status: 404 Not Found"}
{"time":"2025-06-20T15:37:43.278893025+03:00","level":"DEBUG","source":{"function":"prodLoaderREST/internal/storage/sqlite.(*Storage).Ping","file":"/home/fzrdub/go/ProdLoaderREST/internal/storage/sqlite/sqlite.go","line":97},"msg":"Ping to SQLite storage successful"}
{"time":"2025-06-20T15:37:48.283025139+03:00","level":"DEBUG","source":{"function":"prodLoaderREST/internal/storage/sqlite.(*Storage).Ping","file":"/home/fzrdub/go/ProdLoaderREST/internal/storage/sqlite/sqlite.go","line":97},"msg":"Ping to SQLite storage successful"}
{"time":"2025-06-20T15:37:53.28689349+03:00","level":"DEBUG","source":{"function":"prodLoaderREST/internal/storage/sqlite.(*Storage).Ping","file":"/home/fzrdub/go/ProdLoaderREST/internal/storage/sqlite/sqlite.go","line":97},"msg":"Ping to SQLite storage successful"}
{"time":"2025-06-20T15:37:58.290897859+03:00","level":"DEBUG","source":{"function":"prodLoaderREST/internal/storage/sqlite.(*Storage).Ping","file":"/home/fzrdub/go/ProdLoaderREST/internal/storage/sqlite/sqlite.go","line":97},"msg":"Ping to SQLite storage successful"}
{"time":"2025-06-20T15:38:03.294895276+03:00","level":"DEBUG","source":{"function":"prodLoaderREST/internal/storage/sqlite.(*Storage).Ping","file":"/home/fzrdub/go/ProdLoaderREST/internal/storage/sqlite/sqlite.go","line":97},"msg":"Ping to SQLite storage successful"}
{"time":"2025-06-20T15:38:08.298898834+03:00","level":"DEBUG","source":{"function":"prodLoaderREST/internal/storage/sqlite.(*Storage).Ping","file":"/home/fzrdub/go/ProdLoaderREST/internal/storage/sqlite/sqlite.go","line":97},"msg":"Ping to SQLite storage successful"}
{"time":"2025-06-20T15:38:13.302892919+03:00","level":"DEBUG","source":{"function":"prodLoaderREST/internal/storage/sqlite.(*Storage).Ping","file":"/home/fzrdub/go/ProdLoaderREST/internal/storage/sqlite/sqlite.go","line":97},"msg":"Ping to SQLite storage successful"}
{"time":"2025-06-20T15:38:18.306918879+03:00","level":"DEBUG","source":{"function":"prodLoaderREST/internal/storage/sqlite.(*Storage).Ping","file":"/home/fzrdub/go/ProdLoaderREST/internal/storage/sqlite/sqlite.go","line":97},"msg":"Ping to SQLite storage successful"}
{"time":"2025-06-20T15:38:23.310890502+03:00","level":"DEBUG","source":{"function":"prodLoaderREST/internal/storage/sqlite.(*Storage).Ping","file":"/home/fzrdub/go/ProdLoaderREST/internal/storage/sqlite/sqlite.go","line":97},"msg":"Ping to SQLite storage successful"}
{"time":"2025-06-20T15:38:25.722781515+03:00","level":"DEBUG","source":{"function":"prodLoaderREST/internal/api.(*API).Setup.New.func2","file":"/home/fzrdub/go/ProdLoaderREST/internal/api/handlers/product/add/add.go","line":52},"msg":"received product","requestID":"c84af248-8eec-49e6-9e21-8c07b2933cad","product":{"title":"Example Product","description":"This is an example product description.","size":"M","status":"available","price":100,"mainPictureURL":"https://web.telegram.org/d632e9ec-ca01-4866-b53b-76c017d966b9","picturesURL":["https://web.telegram.org/d632e9ec-ca01-4866-b53b-76c017d966b9","https://example.com/picture2.jpg"],"categoryID":1}}
{"time":"2025-06-20T15:38:25.895187004+03:00","level":"ERROR","source":{"function":"prodLoaderREST/internal/api.(*API).Setup.New.func2","file":"/home/fzrdub/go/ProdLoaderREST/internal/api/handlers/product/add/add.go","line":56},"msg":"failed to load main picture","requestID":"c84af248-8eec-49e6-9e21-8c07b2933cad","err":"unexepeted status: 404 Not Found"}
{"time":"2025-06-20T15:38:28.311944493+03:00","level":"DEBUG","source":{"function":"prodLoaderREST/internal/storage/sqlite.(*Storage).Ping","file":"/home/fzrdub/go/ProdLoaderREST/internal/storage/sqlite/sqlite.go","line":97},"msg":"Ping to SQLite storage successful"}
{"time":"2025-06-20T15:38:31.613419571+03:00","level":"ERROR","source":{"function":"prodLoaderREST/internal/api.(*API).Setup.New.func2","file":"/home/fzrdub/go/ProdLoaderREST/internal/api/handlers/product/add/add.go","line":36},"msg":"failed to decode request body","requestID":"1643db96-72ba-4690-8bba-c4b00c1ca06e","err":"invalid character ']' looking for beginning of value"}
{"time":"2025-06-20T15:38:33.312891458+03:00","level":"DEBUG","source":{"function":"prodLoaderREST/internal/storage/sqlite.(*Storage).Ping","file":"/home/fzrdub/go/ProdLoaderREST/internal/storage/sqlite/sqlite.go","line":97},"msg":"Ping to SQLite storage successful"}
{"time":"2025-06-20T15:38:38.316892465+03:00","level":"DEBUG","source":{"function":"prodLoaderREST/internal/storage/sqlite.(*Storage).Ping","file":"/home/fzrdub/go/ProdLoaderREST/internal/storage/sqlite/sqlite.go","line":97},"msg":"Ping to SQLite storage successful"}
{"time":"2025-06-20T15:38:40.891887793+03:00","level":"ERROR","source":{"function":"main.main","file":"/home/fzrdub/go/ProdLoaderREST/cmd/app/main.go","line":81},"msg":"received signal, starting graceful shutdown","signal":2}
{"time":"2025-06-20T15:39:01.593899641+03:00","level":"INFO","source":{"function":"main.main","file":"/home/fzrdub/go/ProdLoaderREST/cmd/app/main.go","line":27},"msg":"App is starting"}
{"time":"2025-06-20T15:39:01.593946553+03:00","level":"DEBUG","source":{"function":"prodLoaderREST/internal/storage/sqlite.New","file":"/home/fzrdub/go/ProdLoaderREST/internal/storage/sqlite/sqlite.go","line":28},"msg":"Initializing SQLite storage","path":"./storage/db.sqlite3"}
{"time":"2025-06-20T15:39:01.925102995+03:00","level":"INFO","source":{"function":"main.main","file":"/home/fzrdub/go/ProdLoaderREST/cmd/app/main.go","line":41},"msg":"Autharizated vk:","Name:":"Самир Фаталиев"}
{"time":"2025-06-20T15:39:01.925258818+03:00","level":"INFO","source":{"function":"main.main.func2","file":"/home/fzrdub/go/ProdLoaderREST/cmd/app/main.go","line":62},"msg":"Started to ping databse"}
{"time":"2025-06-20T15:39:01.92527809+03:00","level":"INFO","source":{"function":"main.main.func1","file":"/home/fzrdub/go/ProdLoaderREST/cmd/app/main.go","line":57},"msg":"HTTP server started","Addres":"localhost:8080"}
{"time":"2025-06-20T15:39:03.796987242+03:00","level":"ERROR","source":{"function":"main.main","file":"/home/fzrdub/go/ProdLoaderREST/cmd/app/main.go","line":81},"msg":"received signal, starting graceful shutdown","signal":2}
{"time":"2025-06-20T15:39:16.266344582+03:00","level":"INFO","source":{"function":"main.main","file":"/home/fzrdub/go/ProdLoaderREST/cmd/app/main.go","line":27},"msg":"App is starting"}
{"time":"2025-06-20T15:39:16.266391898+03:00","level":"DEBUG","source":{"function":"prodLoaderREST/internal/storage/sqlite.New","file":"/home/fzrdub/go/ProdLoaderREST/internal/storage/sqlite/sqlite.go","line":28},"msg":"Initializing SQLite storage","path":"./storage/db.sqlite3"}
{"time":"2025-06-20T15:39:16.588425754+03:00","level":"INFO","source":{"function":"main.main","file":"/home/fzrdub/go/ProdLoaderREST/cmd/app/main.go","line":41},"msg":"Autharizated vk:","Name:":"Самир Фаталиев"}
{"time":"2025-06-20T15:39:16.588587697+03:00","level":"INFO","source":{"function":"main.main.func2","file":"/home/fzrdub/go/ProdLoaderREST/cmd/app/main.go","line":62},"msg":"Started to ping databse"}
{"time":"2025-06-20T15:39:16.588624423+03:00","level":"INFO","source":{"function":"main.main.func1","file":"/home/fzrdub/go/ProdLoaderREST/cmd/app/main.go","line":57},"msg":"HTTP server started","Addres":"localhost:8080"}
{"time":"2025-06-20T15:39:17.561509741+03:00","level":"ERROR","source":{"function":"prodLoaderREST/internal/api.(*API).Setup.New.func2","file":"/home/fzrdub/go/ProdLoaderREST/internal/api/handlers/product/add/add.go","line":36},"msg":"failed to decode request body","requestID":"aa618df3-166c-4b14-a467-cb8a027e6ef6","err":"invalid character ']' looking for beginning of value"}
{"time":"2025-06-20T15:39:30.425862481+03:00","level":"DEBUG","source":{"function":"prodLoaderREST/internal/api.(*API).Setup.New.func2","file":"/home/fzrdub/go/ProdLoaderREST/internal/api/handlers/product/add/add.go","line":52},"msg":"received product","requestID":"96457465-606d-450c-8d37-090fff658f2e","product":{"title":"Example Product","description":"This is an example product description.","size":"M","status":"available","price":100,"mainPictureURL":"https://web.telegram.org/d632e9ec-ca01-4866-b53b-76c017d966b9","picturesURL":["https://web.telegram.org/d632e9ec-ca01-4866-b53b-76c017d966b9"],"categoryID":1}}
{"time":"2025-06-20T15:39:30.559637851+03:00","level":"ERROR","source":{"function":"prodLoaderREST/internal/api.(*API).Setup.New.func2","file":"/home/fzrdub/go/ProdLoaderREST/internal/api/handlers/product/add/add.go","line":56},"msg":"failed to load main picture","requestID":"96457465-606d-450c-8d37-090fff658f2e","err":"unexepeted status: 404 Not Found"}
{"time":"2025-06-20T15:39:47.503938987+03:00","level":"ERROR","source":{"function":"main.main","file":"/home/fzrdub/go/ProdLoaderREST/cmd/app/main.go","line":81},"msg":"received signal, starting graceful shutdown","signal":2}
{"time":"2025-06-20T15:40:31.419621203+03:00","level":"INFO","source":{"function":"main.main","file":"/home/fzrdub/go/ProdLoaderREST/cmd/app/main.go","line":27},"msg":"App is starting"}
{"time":"2025-06-20T15:40:31.419667617+03:00","level":"DEBUG","source":{"function":"prodLoaderREST/internal/storage/sqlite.New","file":"/home/fzrdub/go/ProdLoaderREST/internal/storage/sqlite/sqlite.go","line":28},"msg":"Initializing SQLite storage","path":"./storage/db.sqlite3"}
{"time":"2025-06-20T15:40:31.728295796+03:00","level":"INFO","source":{"function":"main.main","file":"/home/fzrdub/go/ProdLoaderREST/cmd/app/main.go","line":41},"msg":"Autharizated vk:","Name:":"Самир Фаталиев"}
{"time":"2025-06-20T15:40:31.728428288+03:00","level":"INFO","source":{"function":"main.main.func2","file":"/home/fzrdub/go/ProdLoaderREST/cmd/app/main.go","line":62},"msg":"Started to ping databse"}
{"time":"2025-06-20T15:40:31.728460372+03:00","level":"INFO","source":{"function":"main.main.func1","file":"/home/fzrdub/go/ProdLoaderREST/cmd/app/main.go","line":57},"msg":"HTTP server started","Addres":"localhost:8080"}
{"time":"2025-06-20T15:40:33.025757184+03:00","level":"DEBUG","source":{"function":"prodLoaderREST/internal/api.(*API).Setup.New.func2","file":"/home/fzrdub/go/ProdLoaderREST/internal/api/handlers/product/add/add.go","line":52},"msg":"received product","requestID":"fccbddae-6903-431e-878a-ccff97537916","product":{"title":"Example Product","description":"This is an example product description.","size":"M","status":"available","price":100,"mainPictureURL":"https://web.telegram.org/d632e9ec-ca01-4866-b53b-76c017d966b9","picturesURL":["blob:https://web.telegram.org/d632e9ec-ca01-4866-b53b-76c017d966b9"],"categoryID":1}}
{"time":"2025-06-20T15:40:33.161399767+03:00","level":"ERROR","source":{"function":"prodLoaderREST/internal/api.(*API).Setup.New.func2","file":"/home/fzrdub/go/ProdLoaderREST/internal/api/handlers/product/add/add.go","line":56},"msg":"failed to load main picture","requestID":"fccbddae-6903-431e-878a-ccff97537916","err":"unexepeted status: 404 Not Found"}
{"time":"2025-06-20T15:40:45.871094625+03:00","level":"DEBUG","source":{"function":"prodLoaderREST/internal/api.(*API).Setup.New.func2","file":"/home/fzrdub/go/ProdLoaderREST/internal/api/handlers/product/add/add.go","line":52},"msg":"received product","requestID":"3d53a4f9-46c4-49d4-9f6d-b23b39990e30","product":{"title":"Example Product","description":"This is an example product description.","size":"M","status":"available","price":100,"mainPictureURL":"blob:https://web.telegram.org/d632e9ec-ca01-4866-b53b-76c017d966b9","picturesURL":["blob:https://web.telegram.org/d632e9ec-ca01-4866-b53b-76c017d966b9"],"categoryID":1}}
{"time":"2025-06-20T15:40:45.871149063+03:00","level":"ERROR","source":{"function":"prodLoaderREST/internal/api.(*API).Setup.New.func2","file":"/home/fzrdub/go/ProdLoaderREST/internal/api/handlers/product/add/add.go","line":56},"msg":"failed to load main picture","requestID":"3d53a4f9-46c4-49d4-9f6d-b23b39990e30","err":"Get \"blob:https://web.telegram.org/d632e9ec-ca01-4866-b53b-76c017d966b9\": unsupported protocol scheme \"blob\""}
{"time":"2025-06-20T15:49:43.592795985+03:00","level":"DEBUG","source":{"function":"prodLoaderREST/internal/api.(*API).Setup.New.func2","file":"/home/fzrdub/go/ProdLoaderREST/internal/api/handlers/product/add/add.go","line":52},"msg":"received product","requestID":"d2ac0cbc-a6f0-4522-984f-7645c68c1c0f","product":{"title":"Example Product","description":"This is an example product description.","size":"M","status":"available","price":100,"mainPictureURL":"https://api.telegram.org/file/bot7227580752:AAGqsim4fWUv_rWH9GI4hSV08bnBMPa0WwY/photos/file_1794.jpg","picturesURL":["https://api.telegram.org/file/bot7227580752:AAGqsim4fWUv_rWH9GI4hSV08bnBMPa0WwY/photos/file_1794.jpg"],"categoryID":1}}
{"time":"2025-06-20T15:49:43.787223377+03:00","level":"INFO","source":{"function":"prodLoaderREST/internal/api.(*API).Setup.New.func2","file":"/home/fzrdub/go/ProdLoaderREST/internal/api/handlers/product/add/add.go","line":87},"msg":"product added to queue","requestID":"d2ac0cbc-a6f0-4522-984f-7645c68c1c0f","product":{"title":"Example Product","description":"This is an example product description.","size":"M","status":"available","price":100,"mainPictureURL":"https://api.telegram.org/file/bot7227580752:AAGqsim4fWUv_rWH9GI4hSV08bnBMPa0WwY/photos/file_1794.jpg","picturesURL":["https://api.telegram.org/file/bot7227580752:AAGqsim4fWUv_rWH9GI4hSV08bnBMPa0WwY/photos/file_1794.jpg"],"categoryID":1}}
{"time":"2025-06-20T15:49:56.644309521+03:00","level":"ERROR","source":{"function":"main.main","file":"/home/fzrdub/go/ProdLoaderREST/cmd/app/main.go","line":81},"msg":"received signal, starting graceful shutdown","signal":2}
{"time":"2025-06-20T15:51:19.497386942+03:00","level":"INFO","source":{"function":"main.main","file":"/home/fzrdub/go/ProdLoaderREST/cmd/app/main.go","line":27},"msg":"App is starting"}
{"time":"2025-06-20T15:51:19.49743582+03:00","level":"DEBUG","source":{"function":"prodLoaderREST/internal/storage/sqlite.New","file":"/home/fzrdub/go/ProdLoaderREST/internal/storage/sqlite/sqlite.go","line":28},"msg":"Initializing SQLite storage","path":"./storage/db.sqlite3"}
{"time":"2025-06-20T15:51:19.817368642+03:00","level":"INFO","source":{"function":"main.main","file":"/home/fzrdub/go/ProdLoaderREST/cmd/app/main.go","line":41},"msg":"Autharizated vk:","Name:":"Самир Фаталиев"}
{"time":"2025-06-20T15:51:19.817509152+03:00","level":"INFO","source":{"function":"main.main.func2","file":"/home/fzrdub/go/ProdLoaderREST/cmd/app/main.go","line":62},"msg":"Started to ping databse"}
{"time":"2025-06-20T15:51:19.817540477+03:00","level":"INFO","source":{"function":"main.main.func1","file":"/home/fzrdub/go/ProdLoaderREST/cmd/app/main.go","line":57},"msg":"HTTP server started","Addres":"localhost:8080"}
{"time":"2025-06-20T15:51:20.398638641+03:00","level":"ERROR","source":{"function":"main.main","file":"/home/fzrdub/go/ProdLoaderREST/cmd/app/main.go","line":81},"msg":"received signal, starting graceful shutdown","signal":2}
{"time":"2025-06-20T15:51:20.39878946+03:00","level":"DEBUG","source":{"function":"prodLoaderREST/internal/storage/sqlite.(*Storage).Close","file":"/home/fzrdub/go/ProdLoaderREST/internal/storage/sqlite/sqlite.go","line":83},"msg":"SQLite storage closed"}
{"time":"2025-06-20T15:52:17.266565884+03:00","level":"INFO","source":{"function":"main.main","file":"/home/fzrdub/go/ProdLoaderREST/cmd/app/main.go","line":28},"msg":"App is starting"}
{"time":"2025-06-20T15:52:17.266617644+03:00","level":"DEBUG","source":{"function":"prodLoaderREST/internal/storage/sqlite.New","file":"/home/fzrdub/go/ProdLoaderREST/internal/storage/sqlite/sqlite.go","line":28},"msg":"Initializing SQLite storage","path":"./storage/db.sqlite3"}
{"time":"2025-06-20T15:52:17.578738329+03:00","level":"INFO","source":{"function":"main.main","file":"/home/fzrdub/go/ProdLoaderREST/cmd/app/main.go","line":42},"msg":"Autharizated vk:","Name:":"Самир Фаталиев"}
{"time":"2025-06-20T15:52:17.578889685+03:00","level":"INFO","source":{"function":"main.main.func2","file":"/home/fzrdub/go/ProdLoaderREST/cmd/app/main.go","line":63},"msg":"Started to ping databse"}
{"time":"2025-06-20T15:52:17.578925585+03:00","level":"INFO","source":{"function":"main.main.func1","file":"/home/fzrdub/go/ProdLoaderREST/cmd/app/main.go","line":58},"msg":"HTTP server started","Addres":"localhost:8080"}
{"time":"2025-06-20T15:52:19.609589569+03:00","level":"DEBUG","source":{"function":"prodLoaderREST/internal/api.(*API).Setup.New.func2","file":"/home/fzrdub/go/ProdLoaderREST/internal/api/handlers/product/add/add.go","line":52},"msg":"received product","requestID":"8b32bec6-97dd-4356-a615-cb425af4ba3c","product":{"title":"Example Product","description":"This is an example product description.","size":"M","status":"available","price":100,"mainPictureURL":"https://api.telegram.org/file/bot7227580752:AAGqsim4fWUv_rWH9GI4hSV08bnBMPa0WwY/photos/file_1794.jpg","picturesURL":["https://api.telegram.org/file/bot7227580752:AAGqsim4fWUv_rWH9GI4hSV08bnBMPa0WwY/photos/file_1794.jpg"],"categoryID":1}}
{"time":"2025-06-20T15:52:19.83048546+03:00","level":"INFO","source":{"function":"prodLoaderREST/internal/api.(*API).Setup.New.func2","file":"/home/fzrdub/go/ProdLoaderREST/internal/api/handlers/product/add/add.go","line":87},"msg":"product added to queue","requestID":"8b32bec6-97dd-4356-a615-cb425af4ba3c","product":{"title":"Example Product","description":"This is an example product description.","size":"M","status":"available","price":100,"mainPictureURL":"https://api.telegram.org/file/bot7227580752:AAGqsim4fWUv_rWH9GI4hSV08bnBMPa0WwY/photos/file_1794.jpg","picturesURL":["https://api.telegram.org/file/bot7227580752:AAGqsim4fWUv_rWH9GI4hSV08bnBMPa0WwY/photos/file_1794.jpg"],"categoryID":1}}
{"time":"2025-06-20T15:52:31.834835706+03:00","level":"DEBUG","source":{"function":"prodLoaderREST/internal/api.(*API).Setup.New.func2","file":"/home/fzrdub/go/ProdLoaderREST/internal/api/handlers/product/add/add.go","line":52},"msg":"received product","requestID":"d0a25678-e235-4287-a8f0-411d5ee7ae3c","product":{"title":"Example Product","description":"This is an example product description.","size":"M","status":"available","price":100,"mainPictureURL":"https://api.telegram.org/file/bot7227580752:AAGqsim4fWUv_rWH9GI4hSV08bnBMPa0WwY/photos/file_1794.jpg","picturesURL":["https://api.telegram.org/file/bot7227580752:AAGqsim4fWUv_rWH9GI4hSV08bnBMPa0WwY/photos/file_1794.jpg"],"categoryID":1}}
{"time":"2025-06-20T15:52:31.930133464+03:00","level":"INFO","source":{"function":"prodLoaderREST/internal/api.(*API).Setup.New.func2","file":"/home/fzrdub/go/ProdLoaderREST/internal/api/handlers/product/add/add.go","line":87},"msg":"product added to queue","requestID":"d0a25678-e235-4287-a8f0-411d5ee7ae3c","product":{"title":"Example Product","description":"This is an example product description.","size":"M","status":"available","price":100,"mainPictureURL":"https://api.telegram.org/file/bot7227580752:AAGqsim4fWUv_rWH9GI4hSV08bnBMPa0WwY/photos/file_1794.jpg","picturesURL":["https://api.telegram.org/file/bot7227580752:AAGqsim4fWUv_rWH9GI4hSV08bnBMPa0WwY/photos/file_1794.jpg"],"categoryID":1}}
{"time":"2025-06-20T15:52:48.872407476+03:00","level":"ERROR","source":{"function":"main.main","file":"/home/fzrdub/go/ProdLoaderREST/cmd/app/main.go","line":82},"msg":"received signal, starting graceful shutdown","signal":2}
{"time":"2025-06-20T15:52:49.978655671+03:00","level":"INFO","source":{"function":"main.main","file":"/home/fzrdub/go/ProdLoaderREST/cmd/app/main.go","line":28},"msg":"App is starting"}
{"time":"2025-06-20T15:52:49.978705504+03:00","level":"DEBUG","source":{"function":"prodLoaderREST/internal/storage/sqlite.New","file":"/home/fzrdub/go/ProdLoaderREST/internal/storage/sqlite/sqlite.go","line":28},"msg":"Initializing SQLite storage","path":"./storage/db.sqlite3"}
{"time":"2025-06-20T15:52:50.297000244+03:00","level":"INFO","source":{"function":"main.main","file":"/home/fzrdub/go/ProdLoaderREST/cmd/app/main.go","line":42},"msg":"Autharizated vk:","Name:":"Самир Фаталиев"}
{"time":"2025-06-20T15:52:50.297134074+03:00","level":"INFO","source":{"function":"main.main.func2","file":"/home/fzrdub/go/ProdLoaderREST/cmd/app/main.go","line":63},"msg":"Started to ping databse"}
{"time":"2025-06-20T15:52:50.297176716+03:00","level":"INFO","source":{"function":"main.main.func1","file":"/home/fzrdub/go/ProdLoaderREST/cmd/app/main.go","line":58},"msg":"HTTP server started","Addres":"localhost:8080"}
{"time":"2025-06-20T15:52:52.016283317+03:00","level":"DEBUG","source":{"function":"prodLoaderREST/internal/api.(*API).Setup.New.func2","file":"/home/fzrdub/go/ProdLoaderREST/internal/api/handlers/product/add/add.go","line":52},"msg":"received product","requestID":"e3f8a2aa-4b4a-4702-b960-986b178c3380","product":{"title":"Example Product","description":"This is an example product description.","size":"M","status":"available","price":100,"mainPictureURL":"https://api.telegram.org/file/bot7227580752:AAGqsim4fWUv_rWH9GI4hSV08bnBMPa0WwY/photos/file_1794.jpg","picturesURL":["https://api.telegram.org/file/bot7227580752:AAGqsim4fWUv_rWH9GI4hSV08bnBMPa0WwY/photos/file_1794.jpg"],"categoryID":1}}
{"time":"2025-06-20T15:52:52.233408333+03:00","level":"INFO","source":{"function":"prodLoaderREST/internal/api.(*API).Setup.New.func2","file":"/home/fzrdub/go/ProdLoaderREST/internal/api/handlers/product/add/add.go","line":87},"msg":"product added to queue","requestID":"e3f8a2aa-4b4a-4702-b960-986b178c3380","product":{"title":"Example Product","description":"This is an example product description.","size":"M","status":"available","price":100,"mainPictureURL":"https://api.telegram.org/file/bot7227580752:AAGqsim4fWUv_rWH9GI4hSV08bnBMPa0WwY/photos/file_1794.jpg","picturesURL":["https://api.telegram.org/file/bot7227580752:AAGqsim4fWUv_rWH9GI4hSV08bnBMPa0WwY/photos/file_1794.jpg"],"categoryID":1}}
{"time":"2025-06-20T15:53:54.716528488+03:00","level":"ERROR","source":{"function":"main.main","file":"/home/fzrdub/go/ProdLoaderREST/cmd/app/main.go","line":82},"msg":"received signal, starting graceful shutdown","signal":2}
{"time":"2025-06-21T14:25:49.929820377+03:00","level":"INFO","source":{"function":"main.main","file":"/home/fzrdub/go/ProdLoaderREST/cmd/app/main.go","line":28},"msg":"App is starting"}
{"time":"2025-06-21T14:25:49.931845535+03:00","level":"DEBUG","source":{"function":"prodLoaderREST/internal/storage/sqlite.New","file":"/home/fzrdub/go/ProdLoaderREST/internal/storage/sqlite/sqlite.go","line":28},"msg":"Initializing SQLite storage","path":"../../storage/db.sqlite3"}
{"time":"2025-06-21T14:25:49.931939212+03:00","level":"ERROR","source":{"function":"main.main","file":"/home/fzrdub/go/ProdLoaderREST/cmd/app/main.go","line":34},"msg":"Failed to create storage","err":"failed to prepare statement:unable to open database file: no such file or directory"}
