{"time":"2025-06-21T16:32:11.564828886+03:00","level":"INFO","source":{"function":"main.main","file":"/home/fzrdub/go/ProdLoaderREST/cmd/app/main.go","line":28},"msg":"App is starting"}
{"time":"2025-06-21T16:32:11.565246864+03:00","level":"DEBUG","source":{"function":"prodLoaderREST/internal/storage/sqlite.New","file":"/home/fzrdub/go/ProdLoaderREST/internal/storage/sqlite/sqlite.go","line":41},"msg":"Initializing SQLite storage","path":"../../storage/db.sqlite3"}
{"time":"2025-06-21T16:32:11.911838802+03:00","level":"INFO","source":{"function":"main.main","file":"/home/fzrdub/go/ProdLoaderREST/cmd/app/main.go","line":42},"msg":"Autharizated vk:","Name:":"Самир Фаталиев"}
{"time":"2025-06-21T16:32:11.912006821+03:00","level":"INFO","source":{"function":"main.main.func2","file":"/home/fzrdub/go/ProdLoaderREST/cmd/app/main.go","line":65},"msg":"Started to ping databse"}
{"time":"2025-06-21T16:32:11.91203901+03:00","level":"INFO","source":{"function":"main.main.func1","file":"/home/fzrdub/go/ProdLoaderREST/cmd/app/main.go","line":60},"msg":"HTTP server started","Addres":"localhost:8080"}
{"time":"2025-06-21T16:33:37.597196766+03:00","level":"INFO","source":{"function":"main.main","file":"/home/fzrdub/go/ProdLoaderREST/cmd/app/main.go","line":28},"msg":"App is starting"}
{"time":"2025-06-21T16:33:37.597269381+03:00","level":"DEBUG","source":{"function":"prodLoaderREST/internal/storage/sqlite.New","file":"/home/fzrdub/go/ProdLoaderREST/internal/storage/sqlite/sqlite.go","line":41},"msg":"Initializing SQLite storage","path":"../../storage/db.sqlite3"}
{"time":"2025-06-21T16:33:37.92168439+03:00","level":"INFO","source":{"function":"main.main","file":"/home/fzrdub/go/ProdLoaderREST/cmd/app/main.go","line":42},"msg":"Autharizated vk:","Name:":"Самир Фаталиев"}
{"time":"2025-06-21T16:33:43.111780825+03:00","level":"INFO","source":{"function":"main.main","file":"/home/fzrdub/go/ProdLoaderREST/cmd/app/main.go","line":28},"msg":"App is starting"}
{"time":"2025-06-21T16:33:43.111849021+03:00","level":"DEBUG","source":{"function":"prodLoaderREST/internal/storage/sqlite.New","file":"/home/fzrdub/go/ProdLoaderREST/internal/storage/sqlite/sqlite.go","line":41},"msg":"Initializing SQLite storage","path":"../../storage/db.sqlite3"}
{"time":"2025-06-21T16:33:43.452192041+03:00","level":"INFO","source":{"function":"main.main","file":"/home/fzrdub/go/ProdLoaderREST/cmd/app/main.go","line":42},"msg":"Autharizated vk:","Name:":"Самир Фаталиев"}
{"time":"2025-06-21T16:42:13.424310467+03:00","level":"INFO","source":{"function":"main.main","file":"/home/fzrdub/go/ProdLoaderREST/cmd/app/main.go","line":28},"msg":"App is starting"}
{"time":"2025-06-21T16:42:13.424376514+03:00","level":"DEBUG","source":{"function":"prodLoaderREST/internal/storage/sqlite.New","file":"/home/fzrdub/go/ProdLoaderREST/internal/storage/sqlite/sqlite.go","line":41},"msg":"Initializing SQLite storage","path":"../../storage/db.sqlite3"}
{"time":"2025-06-21T16:42:13.756383815+03:00","level":"INFO","source":{"function":"main.main","file":"/home/fzrdub/go/ProdLoaderREST/cmd/app/main.go","line":42},"msg":"Autharizated vk:","Name:":"Самир Фаталиев"}
{"time":"2025-06-21T16:42:13.756669343+03:00","level":"INFO","source":{"function":"main.main.func2","file":"/home/fzrdub/go/ProdLoaderREST/cmd/app/main.go","line":65},"msg":"Started to ping databse"}
{"time":"2025-06-21T16:42:13.756696623+03:00","level":"INFO","source":{"function":"main.main.func1","file":"/home/fzrdub/go/ProdLoaderREST/cmd/app/main.go","line":60},"msg":"HTTP server started","Addres":"localhost:8080"}
{"time":"2025-06-21T16:42:29.773280384+03:00","level":"DEBUG","source":{"function":"prodLoaderREST/internal/services/consumer/vk.(*VkConsumer).Delete.func1","file":"/home/fzrdub/go/ProdLoaderREST/internal/services/consumer/vk/vk.go","line":138},"msg":"Deleting product","productID":12936068}
{"time":"2025-06-21T16:42:30.005398972+03:00","level":"DEBUG","source":{"function":"prodLoaderREST/internal/services/consumer/vk.(*VkConsumer).Delete.func1","file":"/home/fzrdub/go/ProdLoaderREST/internal/services/consumer/vk/vk.go","line":159},"msg":"Product deleted successfully","productID":12936068}
{"time":"2025-06-21T16:42:30.005419211+03:00","level":"INFO","source":{"function":"prodLoaderREST/internal/services/consumer/vk.(*VkConsumer).Delete","file":"/home/fzrdub/go/ProdLoaderREST/internal/services/consumer/vk/vk.go","line":182},"msg":"All products deleted successfully","count":1}
{"time":"2025-06-21T16:42:30.005539733+03:00","level":"INFO","source":{"function":"prodLoaderREST/internal/api/handlers/product/delete.New.func1","file":"/home/fzrdub/go/ProdLoaderREST/internal/api/handlers/product/delete/delete.go","line":42},"msg":"Product deleted successfully","requestID":"7e1c6b03-b2f1-474a-a47a-635142824111","count":1}
{"time":"2025-06-21T16:42:43.276535071+03:00","level":"DEBUG","source":{"function":"prodLoaderREST/internal/services/consumer/vk.(*VkConsumer).Delete.func1","file":"/home/fzrdub/go/ProdLoaderREST/internal/services/consumer/vk/vk.go","line":138},"msg":"Deleting product","productID":12936072}
{"time":"2025-06-21T16:42:43.27658035+03:00","level":"DEBUG","source":{"function":"prodLoaderREST/internal/services/consumer/vk.(*VkConsumer).Delete.func1","file":"/home/fzrdub/go/ProdLoaderREST/internal/services/consumer/vk/vk.go","line":138},"msg":"Deleting product","productID":12936080}
{"time":"2025-06-21T16:42:43.276701158+03:00","level":"DEBUG","source":{"function":"prodLoaderREST/internal/services/consumer/vk.(*VkConsumer).Delete.func1","file":"/home/fzrdub/go/ProdLoaderREST/internal/services/consumer/vk/vk.go","line":138},"msg":"Deleting product","productID":12936070}
{"time":"2025-06-21T16:42:43.276725761+03:00","level":"DEBUG","source":{"function":"prodLoaderREST/internal/services/consumer/vk.(*VkConsumer).Delete.func1","file":"/home/fzrdub/go/ProdLoaderREST/internal/services/consumer/vk/vk.go","line":138},"msg":"Deleting product","productID":12936075}
{"time":"2025-06-21T16:42:43.276753316+03:00","level":"DEBUG","source":{"function":"prodLoaderREST/internal/services/consumer/vk.(*VkConsumer).Delete.func1","file":"/home/fzrdub/go/ProdLoaderREST/internal/services/consumer/vk/vk.go","line":138},"msg":"Deleting product","productID":12936085}
{"time":"2025-06-21T16:42:43.276796995+03:00","level":"DEBUG","source":{"function":"prodLoaderREST/internal/services/consumer/vk.(*VkConsumer).Delete.func1","file":"/home/fzrdub/go/ProdLoaderREST/internal/services/consumer/vk/vk.go","line":138},"msg":"Deleting product","productID":12936076}
{"time":"2025-06-21T16:42:43.276855118+03:00","level":"DEBUG","source":{"function":"prodLoaderREST/internal/services/consumer/vk.(*VkConsumer).Delete.func1","file":"/home/fzrdub/go/ProdLoaderREST/internal/services/consumer/vk/vk.go","line":138},"msg":"Deleting product","productID":12936086}
{"time":"2025-06-21T16:42:43.276862339+03:00","level":"DEBUG","source":{"function":"prodLoaderREST/internal/services/consumer/vk.(*VkConsumer).Delete.func1","file":"/home/fzrdub/go/ProdLoaderREST/internal/services/consumer/vk/vk.go","line":138},"msg":"Deleting product","productID":12936078}
{"time":"2025-06-21T16:42:43.276856288+03:00","level":"DEBUG","source":{"function":"prodLoaderREST/internal/services/consumer/vk.(*VkConsumer).Delete.func1","file":"/home/fzrdub/go/ProdLoaderREST/internal/services/consumer/vk/vk.go","line":138},"msg":"Deleting product","productID":12936084}
{"time":"2025-06-21T16:42:43.276555203+03:00","level":"DEBUG","source":{"function":"prodLoaderREST/internal/services/consumer/vk.(*VkConsumer).Delete.func1","file":"/home/fzrdub/go/ProdLoaderREST/internal/services/consumer/vk/vk.go","line":138},"msg":"Deleting product","productID":12936088}
{"time":"2025-06-21T16:42:43.276938695+03:00","level":"DEBUG","source":{"function":"prodLoaderREST/internal/services/consumer/vk.(*VkConsumer).Delete.func1","file":"/home/fzrdub/go/ProdLoaderREST/internal/services/consumer/vk/vk.go","line":138},"msg":"Deleting product","productID":12936081}
{"time":"2025-06-21T16:42:43.2769865+03:00","level":"DEBUG","source":{"function":"prodLoaderREST/internal/services/consumer/vk.(*VkConsumer).Delete.func1","file":"/home/fzrdub/go/ProdLoaderREST/internal/services/consumer/vk/vk.go","line":138},"msg":"Deleting product","productID":12936083}
{"time":"2025-06-21T16:42:43.276998551+03:00","level":"DEBUG","source":{"function":"prodLoaderREST/internal/services/consumer/vk.(*VkConsumer).Delete.func1","file":"/home/fzrdub/go/ProdLoaderREST/internal/services/consumer/vk/vk.go","line":138},"msg":"Deleting product","productID":12936087}
{"time":"2025-06-21T16:42:43.276697825+03:00","level":"DEBUG","source":{"function":"prodLoaderREST/internal/services/consumer/vk.(*VkConsumer).Delete.func1","file":"/home/fzrdub/go/ProdLoaderREST/internal/services/consumer/vk/vk.go","line":138},"msg":"Deleting product","productID":12936079}
{"time":"2025-06-21T16:42:43.495444954+03:00","level":"DEBUG","source":{"function":"prodLoaderREST/internal/services/consumer/vk.(*VkConsumer).Delete.func1","file":"/home/fzrdub/go/ProdLoaderREST/internal/services/consumer/vk/vk.go","line":159},"msg":"Product deleted successfully","productID":12936085}
{"time":"2025-06-21T16:42:43.501594752+03:00","level":"DEBUG","source":{"function":"prodLoaderREST/internal/services/consumer/vk.(*VkConsumer).Delete.func1","file":"/home/fzrdub/go/ProdLoaderREST/internal/services/consumer/vk/vk.go","line":159},"msg":"Product deleted successfully","productID":12936075}
{"time":"2025-06-21T16:42:43.511125904+03:00","level":"DEBUG","source":{"function":"prodLoaderREST/internal/services/consumer/vk.(*VkConsumer).Delete.func1","file":"/home/fzrdub/go/ProdLoaderREST/internal/services/consumer/vk/vk.go","line":159},"msg":"Product deleted successfully","productID":12936080}
{"time":"2025-06-21T16:42:43.512603202+03:00","level":"DEBUG","source":{"function":"prodLoaderREST/internal/services/consumer/vk.(*VkConsumer).Delete.func1","file":"/home/fzrdub/go/ProdLoaderREST/internal/services/consumer/vk/vk.go","line":159},"msg":"Product deleted successfully","productID":12936070}
{"time":"2025-06-21T16:42:43.531511644+03:00","level":"DEBUG","source":{"function":"prodLoaderREST/internal/services/consumer/vk.(*VkConsumer).Delete.func1","file":"/home/fzrdub/go/ProdLoaderREST/internal/services/consumer/vk/vk.go","line":159},"msg":"Product deleted successfully","productID":12936072}
{"time":"2025-06-21T16:42:43.547949269+03:00","level":"DEBUG","source":{"function":"prodLoaderREST/internal/services/consumer/vk.(*VkConsumer).Delete.func1","file":"/home/fzrdub/go/ProdLoaderREST/internal/services/consumer/vk/vk.go","line":159},"msg":"Product deleted successfully","productID":12936078}
{"time":"2025-06-21T16:42:43.556129687+03:00","level":"DEBUG","source":{"function":"prodLoaderREST/internal/services/consumer/vk.(*VkConsumer).Delete.func1","file":"/home/fzrdub/go/ProdLoaderREST/internal/services/consumer/vk/vk.go","line":159},"msg":"Product deleted successfully","productID":12936081}
{"time":"2025-06-21T16:42:43.559352699+03:00","level":"DEBUG","source":{"function":"prodLoaderREST/internal/services/consumer/vk.(*VkConsumer).Delete.func1","file":"/home/fzrdub/go/ProdLoaderREST/internal/services/consumer/vk/vk.go","line":159},"msg":"Product deleted successfully","productID":12936076}
{"time":"2025-06-21T16:42:43.56122376+03:00","level":"DEBUG","source":{"function":"prodLoaderREST/internal/services/consumer/vk.(*VkConsumer).Delete.func1","file":"/home/fzrdub/go/ProdLoaderREST/internal/services/consumer/vk/vk.go","line":159},"msg":"Product deleted successfully","productID":12936088}
{"time":"2025-06-21T16:42:43.57030544+03:00","level":"DEBUG","source":{"function":"prodLoaderREST/internal/services/consumer/vk.(*VkConsumer).Delete.func1","file":"/home/fzrdub/go/ProdLoaderREST/internal/services/consumer/vk/vk.go","line":159},"msg":"Product deleted successfully","productID":12936083}
{"time":"2025-06-21T16:42:43.572966497+03:00","level":"DEBUG","source":{"function":"prodLoaderREST/internal/services/consumer/vk.(*VkConsumer).Delete.func1","file":"/home/fzrdub/go/ProdLoaderREST/internal/services/consumer/vk/vk.go","line":159},"msg":"Product deleted successfully","productID":12936079}
{"time":"2025-06-21T16:42:43.574537908+03:00","level":"DEBUG","source":{"function":"prodLoaderREST/internal/services/consumer/vk.(*VkConsumer).Delete.func1","file":"/home/fzrdub/go/ProdLoaderREST/internal/services/consumer/vk/vk.go","line":159},"msg":"Product deleted successfully","productID":12936087}
{"time":"2025-06-21T16:42:43.578443319+03:00","level":"DEBUG","source":{"function":"prodLoaderREST/internal/services/consumer/vk.(*VkConsumer).Delete.func1","file":"/home/fzrdub/go/ProdLoaderREST/internal/services/consumer/vk/vk.go","line":159},"msg":"Product deleted successfully","productID":12936086}
{"time":"2025-06-21T16:42:43.582126562+03:00","level":"DEBUG","source":{"function":"prodLoaderREST/internal/services/consumer/vk.(*VkConsumer).Delete.func1","file":"/home/fzrdub/go/ProdLoaderREST/internal/services/consumer/vk/vk.go","line":159},"msg":"Product deleted successfully","productID":12936084}
{"time":"2025-06-21T16:42:43.582168034+03:00","level":"INFO","source":{"function":"prodLoaderREST/internal/services/consumer/vk.(*VkConsumer).Delete","file":"/home/fzrdub/go/ProdLoaderREST/internal/services/consumer/vk/vk.go","line":182},"msg":"All products deleted successfully","count":14}
{"time":"2025-06-21T16:42:43.582182564+03:00","level":"INFO","source":{"function":"prodLoaderREST/internal/api/handlers/product/delete.New.func1","file":"/home/fzrdub/go/ProdLoaderREST/internal/api/handlers/product/delete/delete.go","line":42},"msg":"Product deleted successfully","requestID":"06b0af46-f970-445d-bf8e-37dae94cde8b","count":14}
